[2026-06-26T13:34:58.768Z] backend-wave19: verification self-reported (unit-test-verified)
[2026-06-26T13:43:05.494Z] git-sync failed (web-org-wave19 running -> handed-off): Command failed: git -C /workspace/.orchestrate/wave19-editorial-review push
To https://github.com/jackyckma/ai-transformation-io
 ! [rejected]        main -> main (fetch first)
error: failed to push s…
[2026-06-26T13:43:07.497Z] web-org-wave19: verification self-reported (live-ui-verified)
[2026-06-26T13:50:07.125Z] git-sync failed (web-io-wave19 running -> handed-off): Command failed: git -C /workspace/.orchestrate/wave19-editorial-review push
To https://github.com/jackyckma/ai-transformation-io
 ! [rejected]        main -> main (fetch first)
error: failed to push s…
[2026-06-26T13:50:09.129Z] web-io-wave19: verification self-reported (live-ui-verified)
[2026-06-26T13:50:14.379Z] git-sync failed (integrate-wave19 pending -> running): Command failed: git -C /workspace/.orchestrate/wave19-editorial-review push
To https://github.com/jackyckma/ai-transformation-io
 ! [rejected]        main -> main (fetch first)
error: failed to push s…
[2026-06-26T13:59:55.669Z] git-sync failed (integrate-wave19 running -> handed-off): Command failed: git -C /workspace/.orchestrate/wave19-editorial-review push
To https://github.com/jackyckma/ai-transformation-io
 ! [rejected]        main -> main (fetch first)
error: failed to push s…
[2026-06-26T13:59:57.426Z] git-sync failed (verify-wave19 pending -> running): Command failed: git -C /workspace/.orchestrate/wave19-editorial-review push
To https://github.com/jackyckma/ai-transformation-io
 ! [rejected]        main -> main (fetch first)
error: failed to push s…
[2026-06-26T13:59:57.672Z] integrate-wave19: verification self-reported (unit-test-verified)
[2026-06-26T14:05:43.890Z] git-sync failed (verify-wave19 running -> handed-off): Command failed: git -C /workspace/.orchestrate/wave19-editorial-review push
To https://github.com/jackyckma/ai-transformation-io
 ! [rejected]        main -> main (fetch first)
error: failed to push s…
